# JRE version: Java(TM) SE Runtime Environment (7.0_79-b15) (build 1.7.0_79-b15)
# Java VM: Java HotSpot(TM) 64-Bit Server VM (24.79-b02 mixed mode windows-amd64 compressed oops)
Heap
 PSYoungGen      total 14336K, used 9924K [0x00000000f0000000, 0x00000000f1c00000, 0x0000000100000000)
  eden space 12288K, 64% used [0x00000000f0000000,0x00000000f07b1db0,0x00000000f0c00000)
  from space 2048K, 99% used [0x00000000f0c00000,0x00000000f0dff5f0,0x00000000f0e00000)
  to   space 2048K, 0% used [0x00000000f1a00000,0x00000000f1a00000,0x00000000f1c00000)
 ParOldGen       total 32768K, used 16405K [0x00000000d0000000, 0x00000000d2000000, 0x00000000f0000000)
  object space 32768K, 50% used [0x00000000d0000000,0x00000000d1005700,0x00000000d2000000)
 PSPermGen       total 21504K, used 4609K [0x00000000cae00000, 0x00000000cc300000, 0x00000000d0000000)
  object space 21504K, 21% used [0x00000000cae00000,0x00000000cb280640,0x00000000cc300000)
GC Heap History (6 events):
Event: 3.989 GC heap before
{Heap before GC invocations=1 (full 0):
 PSYoungGen      total 14336K, used 12288K [0x00000000f0000000, 0x00000000f1000000, 0x0000000100000000)
  eden space 12288K, 100% used [0x00000000f0000000,0x00000000f0c00000,0x00000000f0c00000)
  from space 2048K, 0% used [0x00000000f0e00000,0x00000000f0e00000,0x00000000f1000000)
  to   space 2048K, 0% used [0x00000000f0c00000,0x00000000f0c00000,0x00000000f0e00000)
 ParOldGen       total 32768K, used 0K [0x00000000d0000000, 0x00000000d2000000, 0x00000000f0000000)
  object space 32768K, 0% used [0x00000000d0000000,0x00000000d0000000,0x00000000d2000000)
 PSPermGen       total 21504K, used 4169K [0x00000000cae00000, 0x00000000cc300000, 0x00000000d0000000)
  object space 21504K, 19% used [0x00000000cae00000,0x00000000cb212768,0x00000000cc300000)
Event: 4.001 GC heap after
Heap after GC invocations=1 (full 0):
 PSYoungGen      total 14336K, used 2045K [0x00000000f0000000, 0x00000000f1000000, 0x0000000100000000)
  eden space 12288K, 0% used [0x00000000f0000000,0x00000000f0000000,0x00000000f0c00000)
  from space 2048K, 99% used [0x00000000f0c00000,0x00000000f0dff620,0x00000000f0e00000)
  to   space 2048K, 0% used [0x00000000f0e00000,0x00000000f0e00000,0x00000000f1000000)
 ParOldGen       total 32768K, used 4365K [0x00000000d0000000, 0x00000000d2000000, 0x00000000f0000000)
  object space 32768K, 13% used [0x00000000d0000000,0x00000000d0443628,0x00000000d2000000)
 PSPermGen       total 21504K, used 4169K [0x00000000cae00000, 0x00000000cc300000, 0x00000000d0000000)
  object space 21504K, 19% used [0x00000000cae00000,0x00000000cb212768,0x00000000cc300000)
}
Event: 4.810 GC heap before
{Heap before GC invocations=2 (full 0):
 PSYoungGen      total 14336K, used 14333K [0x00000000f0000000, 0x00000000f1000000, 0x0000000100000000)
  eden space 12288K, 100% used [0x00000000f0000000,0x00000000f0c00000,0x00000000f0c00000)
  from space 2048K, 99% used [0x00000000f0c00000,0x00000000f0dff620,0x00000000f0e00000)
  to   space 2048K, 0% used [0x00000000f0e00000,0x00000000f0e00000,0x00000000f1000000)
 ParOldGen       total 32768K, used 4365K [0x00000000d0000000, 0x00000000d2000000, 0x00000000f0000000)
  object space 32768K, 13% used [0x00000000d0000000,0x00000000d0443628,0x00000000d2000000)
 PSPermGen       total 21504K, used 4338K [0x00000000cae00000, 0x00000000cc300000, 0x00000000d0000000)
  object space 21504K, 20% used [0x00000000cae00000,0x00000000cb23ca48,0x00000000cc300000)
Event: 4.823 GC heap after
Heap after GC invocations=2 (full 0):
 PSYoungGen      total 14336K, used 2045K [0x00000000f0000000, 0x00000000f1000000, 0x0000000100000000)
  eden space 12288K, 0% used [0x00000000f0000000,0x00000000f0000000,0x00000000f0c00000)
  from space 2048K, 99% used [0x00000000f0e00000,0x00000000f0fff610,0x00000000f1000000)
  to   space 2048K, 0% used [0x00000000f0c00000,0x00000000f0c00000,0x00000000f0e00000)
 ParOldGen       total 32768K, used 10491K [0x00000000d0000000, 0x00000000d2000000, 0x00000000f0000000)
  object space 32768K, 32% used [0x00000000d0000000,0x00000000d0a3efd8,0x00000000d2000000)
 PSPermGen       total 21504K, used 4338K [0x00000000cae00000, 0x00000000cc300000, 0x00000000d0000000)
  object space 21504K, 20% used [0x00000000cae00000,0x00000000cb23ca48,0x00000000cc300000)
}
Event: 5.845 GC heap before
{Heap before GC invocations=3 (full 0):
 PSYoungGen      total 14336K, used 14333K [0x00000000f0000000, 0x00000000f1000000, 0x0000000100000000)
  eden space 12288K, 100% used [0x00000000f0000000,0x00000000f0c00000,0x00000000f0c00000)
  from space 2048K, 99% used [0x00000000f0e00000,0x00000000f0fff610,0x00000000f1000000)
  to   space 2048K, 0% used [0x00000000f0c00000,0x00000000f0c00000,0x00000000f0e00000)
 ParOldGen       total 32768K, used 10491K [0x00000000d0000000, 0x00000000d2000000, 0x00000000f0000000)
  object space 32768K, 32% used [0x00000000d0000000,0x00000000d0a3efd8,0x00000000d2000000)
 PSPermGen       total 21504K, used 4359K [0x00000000cae00000, 0x00000000cc300000, 0x00000000d0000000)
  object space 21504K, 20% used [0x00000000cae00000,0x00000000cb241f60,0x00000000cc300000)
Event: 5.860 GC heap after
Heap after GC invocations=3 (full 0):
 PSYoungGen      total 14336K, used 2045K [0x00000000f0000000, 0x00000000f1c00000, 0x0000000100000000)
  eden space 12288K, 0% used [0x00000000f0000000,0x00000000f0000000,0x00000000f0c00000)
  from space 2048K, 99% used [0x00000000f0c00000,0x00000000f0dff5f0,0x00000000f0e00000)
  to   space 2048K, 0% used [0x00000000f1a00000,0x00000000f1a00000,0x00000000f1c00000)
 ParOldGen       total 32768K, used 16405K [0x00000000d0000000, 0x00000000d2000000, 0x00000000f0000000)
  object space 32768K, 50% used [0x00000000d0000000,0x00000000d1005700,0x00000000d2000000)
 PSPermGen       total 21504K, used 4359K [0x00000000cae00000, 0x00000000cc300000, 0x00000000d0000000)
  object space 21504K, 20% used [0x00000000cae00000,0x00000000cb241f60,0x00000000cc300000)
}

