# JRE version: Java(TM) SE Runtime Environment (7.0_79-b15) (build 1.7.0_79-b15)
# Java VM: Java HotSpot(TM) 64-Bit Server VM (24.79-b02 mixed mode windows-amd64 compressed oops)
Heap
 PSYoungGen      total 14336K, used 10034K [0x00000000f0000000, 0x00000000f1000000, 0x0000000100000000)
  eden space 12288K, 65% used [0x00000000f0000000,0x00000000f07d3000,0x00000000f0c00000)
  from space 2048K, 98% used [0x00000000f0c00000,0x00000000f0df9a90,0x00000000f0e00000)
  to   space 2048K, 0% used [0x00000000f0e00000,0x00000000f0e00000,0x00000000f1000000)
 ParOldGen       total 32768K, used 16292K [0x00000000d0000000, 0x00000000d2000000, 0x00000000f0000000)
  object space 32768K, 49% used [0x00000000d0000000,0x00000000d0fe91b8,0x00000000d2000000)
 PSPermGen       total 21504K, used 4602K [0x00000000cae00000, 0x00000000cc300000, 0x00000000d0000000)
  object space 21504K, 21% used [0x00000000cae00000,0x00000000cb27eaa8,0x00000000cc300000)
GC Heap History (6 events):
Event: 4.164 GC heap before
{Heap before GC invocations=1 (full 0):
 PSYoungGen      total 14336K, used 12288K [0x00000000f0000000, 0x00000000f1000000, 0x0000000100000000)
  eden space 12288K, 100% used [0x00000000f0000000,0x00000000f0c00000,0x00000000f0c00000)
  from space 2048K, 0% used [0x00000000f0e00000,0x00000000f0e00000,0x00000000f1000000)
  to   space 2048K, 0% used [0x00000000f0c00000,0x00000000f0c00000,0x00000000f0e00000)
 ParOldGen       total 32768K, used 0K [0x00000000d0000000, 0x00000000d2000000, 0x00000000f0000000)
  object space 32768K, 0% used [0x00000000d0000000,0x00000000d0000000,0x00000000d2000000)
 PSPermGen       total 21504K, used 4166K [0x00000000cae00000, 0x00000000cc300000, 0x00000000d0000000)
  object space 21504K, 19% used [0x00000000cae00000,0x00000000cb211860,0x00000000cc300000)
Event: 4.174 GC heap after
Heap after GC invocations=1 (full 0):
 PSYoungGen      total 14336K, used 2022K [0x00000000f0000000, 0x00000000f1000000, 0x0000000100000000)
  eden space 12288K, 0% used [0x00000000f0000000,0x00000000f0000000,0x00000000f0c00000)
  from space 2048K, 98% used [0x00000000f0c00000,0x00000000f0df9ac0,0x00000000f0e00000)
  to   space 2048K, 0% used [0x00000000f0e00000,0x00000000f0e00000,0x00000000f1000000)
 ParOldGen       total 32768K, used 4325K [0x00000000d0000000, 0x00000000d2000000, 0x00000000f0000000)
  object space 32768K, 13% used [0x00000000d0000000,0x00000000d04397d8,0x00000000d2000000)
 PSPermGen       total 21504K, used 4166K [0x00000000cae00000, 0x00000000cc300000, 0x00000000d0000000)
  object space 21504K, 19% used [0x00000000cae00000,0x00000000cb211860,0x00000000cc300000)
}
Event: 5.832 GC heap before
{Heap before GC invocations=2 (full 0):
 PSYoungGen      total 14336K, used 14310K [0x00000000f0000000, 0x00000000f1000000, 0x0000000100000000)
  eden space 12288K, 100% used [0x00000000f0000000,0x00000000f0c00000,0x00000000f0c00000)
  from space 2048K, 98% used [0x00000000f0c00000,0x00000000f0df9ac0,0x00000000f0e00000)
  to   space 2048K, 0% used [0x00000000f0e00000,0x00000000f0e00000,0x00000000f1000000)
 ParOldGen       total 32768K, used 4325K [0x00000000d0000000, 0x00000000d2000000, 0x00000000f0000000)
  object space 32768K, 13% used [0x00000000d0000000,0x00000000d04397d8,0x00000000d2000000)
 PSPermGen       total 21504K, used 4337K [0x00000000cae00000, 0x00000000cc300000, 0x00000000d0000000)
  object space 21504K, 20% used [0x00000000cae00000,0x00000000cb23c480,0x00000000cc300000)
Event: 5.852 GC heap after
Heap after GC invocations=2 (full 0):
 PSYoungGen      total 14336K, used 2038K [0x00000000f0000000, 0x00000000f1000000, 0x0000000100000000)
  eden space 12288K, 0% used [0x00000000f0000000,0x00000000f0000000,0x00000000f0c00000)
  from space 2048K, 99% used [0x00000000f0e00000,0x00000000f0ffdaa0,0x00000000f1000000)
  to   space 2048K, 0% used [0x00000000f0c00000,0x00000000f0c00000,0x00000000f0e00000)
 ParOldGen       total 32768K, used 10317K [0x00000000d0000000, 0x00000000d2000000, 0x00000000f0000000)
  object space 32768K, 31% used [0x00000000d0000000,0x00000000d0a13408,0x00000000d2000000)
 PSPermGen       total 21504K, used 4337K [0x00000000cae00000, 0x00000000cc300000, 0x00000000d0000000)
  object space 21504K, 20% used [0x00000000cae00000,0x00000000cb23c480,0x00000000cc300000)
}
Event: 7.218 GC heap before
{Heap before GC invocations=3 (full 0):
 PSYoungGen      total 14336K, used 14326K [0x00000000f0000000, 0x00000000f1000000, 0x0000000100000000)
  eden space 12288K, 100% used [0x00000000f0000000,0x00000000f0c00000,0x00000000f0c00000)
  from space 2048K, 99% used [0x00000000f0e00000,0x00000000f0ffdaa0,0x00000000f1000000)
  to   space 2048K, 0% used [0x00000000f0c00000,0x00000000f0c00000,0x00000000f0e00000)
 ParOldGen       total 32768K, used 10317K [0x00000000d0000000, 0x00000000d2000000, 0x00000000f0000000)
  object space 32768K, 31% used [0x00000000d0000000,0x00000000d0a13408,0x00000000d2000000)
 PSPermGen       total 21504K, used 4360K [0x00000000cae00000, 0x00000000cc300000, 0x00000000d0000000)
  object space 21504K, 20% used [0x00000000cae00000,0x00000000cb242170,0x00000000cc300000)
Event: 7.234 GC heap after
Heap after GC invocations=3 (full 0):
 PSYoungGen      total 14336K, used 2022K [0x00000000f0000000, 0x00000000f1000000, 0x0000000100000000)
  eden space 12288K, 0% used [0x00000000f0000000,0x00000000f0000000,0x00000000f0c00000)
  from space 2048K, 98% used [0x00000000f0c00000,0x00000000f0df9a90,0x00000000f0e00000)
  to   space 2048K, 0% used [0x00000000f0e00000,0x00000000f0e00000,0x00000000f1000000)
 ParOldGen       total 32768K, used 16292K [0x00000000d0000000, 0x00000000d2000000, 0x00000000f0000000)
  object space 32768K, 49% used [0x00000000d0000000,0x00000000d0fe91b8,0x00000000d2000000)
 PSPermGen       total 21504K, used 4360K [0x00000000cae00000, 0x00000000cc300000, 0x00000000d0000000)
  object space 21504K, 20% used [0x00000000cae00000,0x00000000cb242170,0x00000000cc300000)
}

